<?xml version="1.0" encoding="UTF-8"?>
<testsuite name="apptest.LoginPageTest" tests="1" skipped="0" failures="0" errors="0" timestamp="2022-08-04T06:47:41" hostname="Abhisheks-MacBook-Pro-2.local" time="18.266">
  <properties/>
  <testcase name="appLogInTest" classname="apptest.LoginPageTest" time="18.266"/>
  <system-out><![CDATA[]]></system-out>
  <system-err><![CDATA[Starting ChromeDriver 103.0.5060.134 (8ec6fce403b3feb0869b0732eda8bd95011d333c-refs/branch-heads/5060@{#1262}) on port 49920
Only local connections are allowed.
Please see https://chromedriver.chromium.org/security-considerations for suggestions on keeping ChromeDriver safe.
ChromeDriver was started successfully.
Aug 04, 2022 12:17:42 PM org.openqa.selenium.remote.ProtocolHandshake createSession
INFO: Detected upstream dialect: W3C
Aug 04, 2022 12:17:42 PM org.openqa.selenium.devtools.CdpVersionFinder findNearestMatch
INFO: Found exact CDP implementation for version 103
]]></system-err>
</testsuite>
